[debug] [2024-03-10T17:52:55.720Z] ----------------------------------------------------------------------
[debug] [2024-03-10T17:52:55.722Z] Command:       /usr/local/bin/node /opt/homebrew/bin/firebase init
[debug] [2024-03-10T17:52:55.722Z] CLI Version:   13.4.1
[debug] [2024-03-10T17:52:55.722Z] Platform:      darwin
[debug] [2024-03-10T17:52:55.722Z] Node Version:  v21.7.0
[debug] [2024-03-10T17:52:55.723Z] Time:          Sun Mar 10 2024 18:52:55 GMT+0100 (Central European Standard Time)
[debug] [2024-03-10T17:52:55.723Z] ----------------------------------------------------------------------
[debug] 
[debug] [2024-03-10T17:52:55.727Z] > command requires scopes: ["email","openid","https://www.googleapis.com/auth/cloudplatformprojects.readonly","https://www.googleapis.com/auth/firebase","https://www.googleapis.com/auth/cloud-platform"]
[debug] [2024-03-10T17:52:55.728Z] > authorizing via signed-in user (julien@rahier.dev)
[info] 
     ######## #### ########  ######## ########     ###     ######  ########
     ##        ##  ##     ## ##       ##     ##  ##   ##  ##       ##
     ######    ##  ########  ######   ########  #########  ######  ######
     ##        ##  ##    ##  ##       ##     ## ##     ##       ## ##
     ##       #### ##     ## ######## ########  ##     ##  ######  ########

You're about to initialize a Firebase project in this directory:

  /Users/jrahier/Perso/RahierDev/rahierdev

[info] 
=== Project Setup
[info] 
[info] First, let's associate this project directory with a Firebase project.
[info] You can create multiple project aliases by running firebase use --add, 
[info] but for now we'll just set up a default project.
[info] 
[debug] [2024-03-10T17:53:24.432Z] >>> [apiv2][query] GET https://firebase.googleapis.com/v1beta1/projects pageSize=100
[debug] [2024-03-10T17:53:25.039Z] <<< [apiv2][status] GET https://firebase.googleapis.com/v1beta1/projects 200
[debug] [2024-03-10T17:53:25.039Z] <<< [apiv2][body] GET https://firebase.googleapis.com/v1beta1/projects [omitted]
[info] i  Using project rahierdev (RahierDev) 
[info] 
=== Hosting Setup
[debug] [2024-03-10T17:53:26.545Z] >>> [apiv2][query] GET https://firebase.googleapis.com/v1beta1/projects/rahierdev [none]
[debug] [2024-03-10T17:53:26.874Z] <<< [apiv2][status] GET https://firebase.googleapis.com/v1beta1/projects/rahierdev 200
[debug] [2024-03-10T17:53:26.875Z] <<< [apiv2][body] GET https://firebase.googleapis.com/v1beta1/projects/rahierdev {"projectId":"rahierdev","projectNumber":"245176796012","displayName":"RahierDev","name":"projects/rahierdev","resources":{"hostingSite":"rahierdev"},"state":"ACTIVE","etag":"1_a0b47a83-a011-45a2-a9e8-a24fb17c0634"}
[info] 
[info] Your public directory is the folder (relative to your project directory) that
[info] will contain Hosting assets to be uploaded with firebase deploy. If you
[info] have a build process for your assets, use your build's output directory.
[info] 
[debug] [2024-03-10T17:53:41.676Z] >>> [apiv2][query] GET https://www.gstatic.com/firebasejs/releases.json [none]
[debug] [2024-03-10T17:53:41.762Z] <<< [apiv2][status] GET https://www.gstatic.com/firebasejs/releases.json 200
[debug] [2024-03-10T17:53:41.763Z] <<< [apiv2][body] GET https://www.gstatic.com/firebasejs/releases.json {"current":{"version":"10.8.1","browserURL":"https://www.gstatic.com/firebasejs/10.8.1/firebase.js","packageURL":"https://www.gstatic.com/firebasejs/10.8.1/firebase.tgz"},"live":{"version":"10.8","browserURL":"https://www.gstatic.com/firebasejs/live/10.8/firebase.js","packageURL":"https://www.gstatic.com/firebasejs/live/10.8/firebase.tgz"},"components":{"analytics":"https://www.gstatic.com/firebasejs/10.8.1/firebase-analytics.js","app":"https://www.gstatic.com/firebasejs/10.8.1/firebase-app.js","app-check":"https://www.gstatic.com/firebasejs/10.8.1/firebase-app-check.js","auth":"https://www.gstatic.com/firebasejs/10.8.1/firebase-auth.js","auth/cordova":"https://www.gstatic.com/firebasejs/10.8.1/firebase-auth/cordova.js","auth/web-extension":"https://www.gstatic.com/firebasejs/10.8.1/firebase-auth/web-extension.js","functions":"https://www.gstatic.com/firebasejs/10.8.1/firebase-functions.js","firestore":"https://www.gstatic.com/firebasejs/10.8.1/firebase-firestore.js","firestore/lite":"https://www.gstatic.com/firebasejs/10.8.1/firebase-firestore/lite.js","installations":"https://www.gstatic.com/firebasejs/10.8.1/firebase-installations.js","storage":"https://www.gstatic.com/firebasejs/10.8.1/firebase-storage.js","performance":"https://www.gstatic.com/firebasejs/10.8.1/firebase-performance.js","remote-config":"https://www.gstatic.com/firebasejs/10.8.1/firebase-remote-config.js","messaging":"https://www.gstatic.com/firebasejs/10.8.1/firebase-messaging.js","messaging/sw":"https://www.gstatic.com/firebasejs/10.8.1/firebase-messaging/sw.js","database":"https://www.gstatic.com/firebasejs/10.8.1/firebase-database.js","firestore.memory":"https://www.gstatic.com/firebasejs/10.8.1/firebase-firestore.memory.js"}}
[info] ✔  Wrote public/index.html 
[info] 
[info] i  Detected a .git folder at /Users/jrahier/Perso/RahierDev/rahierdev 
[info] i  Authorizing with GitHub to upload your service account to a GitHub repository's secrets store. 
[info] 
[info] Visit this URL on this device to log in:
[info] https://github.com/login/oauth/authorize?client_id=89cf50f02ac6aaed3484&state=615416929&redirect_uri=http%3A%2F%2Flocalhost%3A9005&scope=read%3Auser%20repo%20public_repo
[info] 
[info] Waiting for authentication...
[debug] [2024-03-10T17:54:01.340Z] >>> [apiv2][query] POST https://github.com/login/oauth/access_token [none]
[debug] [2024-03-10T17:54:01.340Z] >>> [apiv2][body] POST https://github.com/login/oauth/access_token [stream]
[debug] [2024-03-10T17:54:01.725Z] <<< [apiv2][status] POST https://github.com/login/oauth/access_token 200
[debug] [2024-03-10T17:54:01.726Z] <<< [apiv2][body] POST https://github.com/login/oauth/access_token {"access_token":"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","token_type":"bearer","scope":"read:user,repo"}
[debug] [2024-03-10T17:54:01.749Z] >>> [apiv2][query] GET https://api.github.com/user [none]
[debug] [2024-03-10T17:54:02.052Z] <<< [apiv2][status] GET https://api.github.com/user 200
[debug] [2024-03-10T17:54:02.052Z] <<< [apiv2][body] GET https://api.github.com/user {"login":"Jju17","id":12754375,"node_id":"MDQ6VXNlcjEyNzU0Mzc1","avatar_url":"https://avatars.githubusercontent.com/u/12754375?v=4","gravatar_id":"","url":"https://api.github.com/users/Jju17","html_url":"https://github.com/Jju17","followers_url":"https://api.github.com/users/Jju17/followers","following_url":"https://api.github.com/users/Jju17/following{/other_user}","gists_url":"https://api.github.com/users/Jju17/gists{/gist_id}","starred_url":"https://api.github.com/users/Jju17/starred{/owner}{/repo}","subscriptions_url":"https://api.github.com/users/Jju17/subscriptions","organizations_url":"https://api.github.com/users/Jju17/orgs","repos_url":"https://api.github.com/users/Jju17/repos","events_url":"https://api.github.com/users/Jju17/events{/privacy}","received_events_url":"https://api.github.com/users/Jju17/received_events","type":"User","site_admin":false,"name":"Julien Rahier","company":null,"blog":"julienrahier.com","location":"Belgium","email":"julien.rahier@gmail.com","hireable":true,"bio":null,"twitter_username":"ju_rahier","public_repos":10,"public_gists":0,"followers":3,"following":10,"created_at":"2015-06-04T22:34:08Z","updated_at":"2024-03-06T19:19:48Z","private_gists":0,"total_private_repos":3,"owned_private_repos":3,"disk_usage":19564,"collaborators":0,"two_factor_authentication":false,"plan":{"name":"free","space":976562499,"collaborators":0,"private_repos":10000}}
[info] 
[info] ✔  Success! Logged into GitHub as Jju17 
[info] 
[debug] [2024-03-10T17:54:47.606Z] >>> [apiv2][query] GET https://api.github.com/repos/Jju17/RahierDev/actions/secrets/public-key type=owner
[debug] [2024-03-10T17:54:47.865Z] <<< [apiv2][status] GET https://api.github.com/repos/Jju17/RahierDev/actions/secrets/public-key 404
[debug] [2024-03-10T17:54:47.865Z] <<< [apiv2][body] GET https://api.github.com/repos/Jju17/RahierDev/actions/secrets/public-key {"message":"Not Found","documentation_url":"https://docs.github.com/rest/actions/secrets#get-a-repository-public-key"}
[info] 
[info] 
[error] ⚠  The provided authorization cannot be used with this repository. If this repository is in an organization, did you remember to grant access? 
[info] 
[info] i  Action required: Visit this URL to ensure access has been granted to the appropriate organization(s) for the Firebase CLI GitHub OAuth App: 
[info] https://github.com/settings/connections/applications/89cf50f02ac6aaed3484
[info] 
[debug] [2024-03-10T17:54:55.484Z] >>> [apiv2][query] GET https://api.github.com/repos/Jju17/RahierDev/actions/secrets/public-key type=owner
[debug] [2024-03-10T17:54:55.751Z] <<< [apiv2][status] GET https://api.github.com/repos/Jju17/RahierDev/actions/secrets/public-key 404
[debug] [2024-03-10T17:54:55.751Z] <<< [apiv2][body] GET https://api.github.com/repos/Jju17/RahierDev/actions/secrets/public-key {"message":"Not Found","documentation_url":"https://docs.github.com/rest/actions/secrets#get-a-repository-public-key"}
[info] 
[info] 
[error] ⚠  The provided authorization cannot be used with this repository. If this repository is in an organization, did you remember to grant access? 
[info] 
[info] i  Action required: Visit this URL to ensure access has been granted to the appropriate organization(s) for the Firebase CLI GitHub OAuth App: 
[info] https://github.com/settings/connections/applications/89cf50f02ac6aaed3484
[info] 
